<?xml version="1.0" encoding="UTF-8"?>
<!-- Generated by org.testng.reporters.JUnitReportReporter -->
<testsuite skipped="0" hostname="TYSS-Vijayalaxmi" name="Practice_Package.ReadMultiDataUsingDataProvider" tests="3" failures="0" timestamp="2022-11-08T15:41:14 IST" time="0.008" errors="0">
  <testcase name="name" time="0.001" classname="Practice_Package.ReadMultiDataUsingDataProvider"/>
  <system-out/>
  <testcase name="name" time="0.005" classname="Practice_Package.ReadMultiDataUsingDataProvider"/>
  <system-out/>
  <testcase name="name" time="0.002" classname="Practice_Package.ReadMultiDataUsingDataProvider"/>
  <system-out/>
</testsuite> <!-- Practice_Package.ReadMultiDataUsingDataProvider -->
