<?xml version="1.0" encoding="UTF-8"?>
<!-- Generated by org.testng.reporters.JUnitReportReporter -->
<testsuite skipped="0" hostname="TYSS-Vijayalaxmi" name="Practice_Package.Sample3" tests="1" failures="0" timestamp="2022-11-10T16:15:44 IST" time="0.008" errors="0">
  <testcase name="script5" time="0.008" classname="Practice_Package.Sample3"/>
  <system-out/>
</testsuite> <!-- Practice_Package.Sample3 -->
