<?xml version="1.0" encoding="UTF-8"?>
<!-- Generated by org.testng.reporters.JUnitReportReporter -->
<testsuite skipped="0" hostname="TYSS-Vijayalaxmi" name="Organization_Module.CreateOrganizationTest" tests="1" failures="0" timestamp="2022-11-10T16:01:54 IST" time="18.366" errors="0">
  <testcase name="createOrganization" time="18.366" classname="Organization_Module.CreateOrganizationTest"/>
  <system-out/>
</testsuite> <!-- Organization_Module.CreateOrganizationTest -->
