<?xml version="1.0" encoding="UTF-8"?>
<!-- Generated by org.testng.reporters.JUnitReportReporter -->
<testsuite skipped="0" hostname="TYSS-Vijayalaxmi" name="Contacts_Module.CreateContactUsingOrgNameTest" tests="2" failures="0" timestamp="2022-11-11T10:33:38 IST" time="40.081" errors="0">
  <testcase name="createContactUsingOrgNameTest" time="19.487" classname="Contacts_Module.CreateContactUsingOrgNameTest"/>
  <system-out/>
  <testcase name="createContactUsingOrgNameTest" time="20.594" classname="Contacts_Module.CreateContactUsingOrgNameTest"/>
  <system-out/>
</testsuite> <!-- Contacts_Module.CreateContactUsingOrgNameTest -->
